\BOOKMARK [1][-]{section.1}{\376\377\000\040\000I\000n\000t\000r\000o\000d\000u\000c\000t\000i\000o\000n}{}% 1
\BOOKMARK [2][-]{subsection.1.1}{\376\377\000\040\000N\000\374\000s\000h\000u\000:\000\040\000A\000\040\000U\000n\000i\000q\000u\000e\000\040\000G\000e\000n\000d\000e\000r\000-\000S\000p\000e\000c\000i\000f\000i\000c\000\040\000W\000r\000i\000t\000i\000n\000g\000\040\000S\000y\000s\000t\000e\000m}{section.1}% 2
\BOOKMARK [2][-]{subsection.1.2}{\376\377\000\040\000K\000n\000o\000w\000l\000e\000d\000g\000e\000\040\000G\000r\000a\000p\000h\000\040\000C\000o\000n\000s\000t\000r\000u\000c\000t\000i\000o\000n\000\040\000f\000o\000r\000\040\000C\000h\000a\000r\000a\000c\000t\000e\000r\000\040\000R\000e\000l\000a\000t\000i\000o\000n\000s\000h\000i\000p\000s}{section.1}% 3
\BOOKMARK [2][-]{subsection.1.3}{\376\377\000\040\000R\000e\000t\000r\000i\000e\000v\000a\000l\000-\000A\000u\000g\000m\000e\000n\000t\000e\000d\000\040\000G\000e\000n\000e\000r\000a\000t\000i\000o\000n\000\040\000\050\000R\000A\000G\000\051}{section.1}% 4
\BOOKMARK [2][-]{subsection.1.4}{\376\377\000\040\000D\000e\000e\000p\000S\000e\000e\000k\000-\000R\0001\000-\000D\000i\000s\000t\000i\000l\000l\000\040\000L\000a\000n\000g\000u\000a\000g\000e\000\040\000M\000o\000d\000e\000l\000s}{section.1}% 5
\BOOKMARK [2][-]{subsection.1.5}{\376\377\000\040\000L\000o\000R\000A\000\040\000F\000i\000n\000e\000-\000t\000u\000n\000i\000n\000g\000\040\000f\000o\000r\000\040\000D\000o\000m\000a\000i\000n\000\040\000S\000p\000e\000c\000i\000a\000l\000i\000z\000a\000t\000i\000o\000n}{section.1}% 6
\BOOKMARK [1][-]{section.2}{\376\377\000\040\000L\000i\000t\000e\000r\000a\000t\000u\000r\000e\000\040\000s\000u\000r\000v\000e\000y}{}% 7
\BOOKMARK [2][-]{subsection.2.1}{\376\377\000\040\000N\000\374\000s\000h\000u\000\040\000R\000e\000s\000e\000a\000r\000c\000h\000\040\000a\000n\000d\000\040\000D\000i\000g\000i\000t\000a\000l\000\040\000H\000u\000m\000a\000n\000i\000t\000i\000e\000s}{section.2}% 8
\BOOKMARK [2][-]{subsection.2.2}{\376\377\000\040\000K\000n\000o\000w\000l\000e\000d\000g\000e\000\040\000R\000e\000p\000r\000e\000s\000e\000n\000t\000a\000t\000i\000o\000n\000\040\000a\000n\000d\000\040\000R\000e\000t\000r\000i\000e\000v\000a\000l\000-\000A\000u\000g\000m\000e\000n\000t\000e\000d\000\040\000G\000e\000n\000e\000r\000a\000t\000i\000o\000n}{section.2}% 9
\BOOKMARK [2][-]{subsection.2.3}{\376\377\000\040\000L\000a\000r\000g\000e\000\040\000L\000a\000n\000g\000u\000a\000g\000e\000\040\000M\000o\000d\000e\000l\000s\000\040\000a\000n\000d\000\040\000D\000o\000m\000a\000i\000n\000\040\000A\000d\000a\000p\000t\000a\000t\000i\000o\000n\000\040\000T\000e\000c\000h\000n\000i\000q\000u\000e\000s}{section.2}% 10
\BOOKMARK [1][-]{section.3}{\376\377\000\040\000D\000e\000s\000c\000r\000i\000p\000t\000i\000o\000n\000\040\000o\000f\000\040\000m\000o\000d\000e\000l\000s}{}% 11
\BOOKMARK [2][-]{subsection.3.1}{\376\377\000\040\000S\000y\000s\000t\000e\000m\000\040\000O\000v\000e\000r\000v\000i\000e\000w\000\040\000a\000n\000d\000\040\000P\000i\000p\000e\000l\000i\000n\000e}{section.3}% 12
\BOOKMARK [2][-]{subsection.3.2}{\376\377\000\040\000K\000n\000o\000w\000l\000e\000d\000g\000e\000\040\000G\000r\000a\000p\000h\000\040\000S\000t\000r\000u\000c\000t\000u\000r\000e\000\040\000b\000a\000s\000e\000d\000\040\000o\000n\000\040\000N\000e\000o\0004\000j}{section.3}% 13
\BOOKMARK [2][-]{subsection.3.3}{\376\377\000\040\000B\000a\000s\000e\000\040\000L\000a\000r\000g\000e\000\040\000L\000a\000n\000g\000u\000a\000g\000e\000\040\000M\000o\000d\000e\000l\000:\000\040\000D\000e\000e\000p\000S\000e\000e\000k\000-\000R\0001\000\040\0001\000.\0005\000B}{section.3}% 14
\BOOKMARK [1][-]{section.4}{\376\377\000\040\000I\000m\000p\000l\000e\000m\000e\000n\000t\000a\000t\000i\000o\000n}{}% 15
\BOOKMARK [2][-]{subsection.4.1}{\376\377\000\040\000T\000a\000s\000k\000\040\000A\000:\000\040\000t\000h\000e\000\040\000t\000a\000s\000k\000\040\000n\000a\000m\000e}{section.4}% 16
\BOOKMARK [3][-]{subsubsection.4.1.1}{\376\377\000\040\000m\000o\000d\000u\000l\000e\000\040\000n\000a\000m\000e}{subsection.4.1}% 17
\BOOKMARK [2][-]{subsection.4.2}{\376\377\000\040\000T\000a\000s\000k\000\040\000B\000:\000\040\000t\000h\000e\000\040\000t\000a\000s\000k\000\040\000n\000a\000m\000e}{section.4}% 18
\BOOKMARK [1][-]{section.5}{\376\377\000\040\000E\000x\000p\000e\000r\000i\000m\000e\000n\000t\000a\000l\000\040\000R\000e\000s\000u\000l\000t\000s\000\040\000a\000n\000d\000\040\000A\000n\000a\000l\000y\000s\000i\000s}{}% 19
\BOOKMARK [1][-]{section.6}{\376\377\000\040\000C\000o\000n\000c\000l\000u\000s\000i\000o\000n}{}% 20
\BOOKMARK [1][-]{section.7}{\376\377\000\040\000R\000e\000f\000e\000r\000e\000n\000c\000e\000s}{}% 21
